lemonhall äº 2015å¹´3æœˆ23æ—¥ å‘¨ä¸€ ä¸‹åˆ 5:33

TODOS:
*å®‰è£…jenkinsçš„æ–‡æ¡£é‡Œï¼Œå¸¦ä¸Šjavaçš„å®‰è£…å§
*å…¨éƒ¨è·‘é€šä¸€éï¼Œç„¶åå†åŠ ä¸€ä¸ªæœ€ä½³å®è·µçš„å·¥ç¨‹
*åŠ ä¸Šå›¾å’ŒPDFæ–‡æ¡£è¾“å‡º
=========================================================================

ã€å‚è€ƒæ–‡æ¡£ï¼šhttps://blog.dylants.com/2013/06/21/jenkins-and-node/ã€‘

5.1 å®‰è£… jenkins

brew install jenkins
==> Downloading http://mirrors.jenkins-ci.org/war/1.601/jenkins.war
######################################################################## 100.0%
==> jar xvf jenkins.war
==> Caveats
Note: When using launchctl the port will be 8080.

To have launchd start jenkins at login:
    ln -sfv /usr/local/opt/jenkins/*.plist ~/Library/LaunchAgents
Then to load jenkins now:
    launchctl load ~/Library/LaunchAgents/homebrew.mxcl.jenkins.plist
Or, if you don't want/need launchctl, you can just run:
    jenkins
==> Summary
ğŸº  /usr/local/Cellar/jenkins/1.601: 6 files,  66M, built in 6.5 minutes
lemonhall@HalldeMacBook-Pro:~$



è¿è¡Œ jenkins

jenkins


Running from: /usr/local/Cellar/jenkins/1.601/libexec/jenkins.war
webroot: $user.home/.jenkins
ä¸‰æœˆ 23, 2015 5:02:47 ä¸‹åˆ winstone.Logger logInternal
ä¿¡æ¯: Beginning extraction from war file
ä¸‰æœˆ 23, 2015 5:02:48 ä¸‹åˆ org.eclipse.jetty.util.log.JavaUtilLog info
ä¿¡æ¯: jetty-winstone-2.8
ä¸‰æœˆ 23, 2015 5:02:50 ä¸‹åˆ org.eclipse.jetty.util.log.JavaUtilLog info
ä¿¡æ¯: NO JSP Support for , did not find org.apache.jasper.servlet.JspServlet
Jenkins home directory: /Users/lemonhall/.jenkins found at: $user.home/.jenkins
ä¸‰æœˆ 23, 2015 5:02:51 ä¸‹åˆ org.eclipse.jetty.util.log.JavaUtilLog info
ä¿¡æ¯: Started SelectChannelConnector@0.0.0.0:8080
ä¸‰æœˆ 23, 2015 5:02:51 ä¸‹åˆ winstone.Logger logInternal
ä¿¡æ¯: Winstone Servlet Engine v2.0 running: controlPort=disabled
ä¸‰æœˆ 23, 2015 5:02:51 ä¸‹åˆ jenkins.InitReactorRunner$1 onAttained
ä¿¡æ¯: Started initialization
ä¸‰æœˆ 23, 2015 5:03:02 ä¸‹åˆ jenkins.InitReactorRunner$1 onAttained
ä¿¡æ¯: Listed all plugins
ä¸‰æœˆ 23, 2015 5:03:02 ä¸‹åˆ jenkins.InitReactorRunner$1 onAttained
ä¿¡æ¯: Prepared all plugins
ä¸‰æœˆ 23, 2015 5:03:02 ä¸‹åˆ jenkins.InitReactorRunner$1 onAttained
ä¿¡æ¯: Started all plugins
ä¸‰æœˆ 23, 2015 5:03:02 ä¸‹åˆ jenkins.InitReactorRunner$1 onAttained
ä¿¡æ¯: Augmented all extensions
ä¸‰æœˆ 23, 2015 5:03:02 ä¸‹åˆ jenkins.InitReactorRunner$1 onAttained
ä¿¡æ¯: Loaded all jobs
ä¸‰æœˆ 23, 2015 5:03:06 ä¸‹åˆ org.jenkinsci.main.modules.sshd.SSHD start
ä¿¡æ¯: Started SSHD at port 52706
ä¸‰æœˆ 23, 2015 5:03:06 ä¸‹åˆ hudson.model.AsyncPeriodicWork$1 run
ä¿¡æ¯: Started Download metadata
ä¸‰æœˆ 23, 2015 5:03:06 ä¸‹åˆ jenkins.InitReactorRunner$1 onAttained
ä¿¡æ¯: Completed initialization
ä¸‰æœˆ 23, 2015 5:03:06 ä¸‹åˆ hudson.WebAppMain$3 run
ä¿¡æ¯: Jenkins is fully up and running
ä¸‰æœˆ 23, 2015 5:03:08 ä¸‹åˆ hudson.model.UpdateSite updateData
ä¸¥é‡: ERROR: Signature verification failed in update site &#039;default&#039; <a href='#' class='showDetails'>(show details)</a><pre style='display:none'>java.security.cert.CertPathValidatorException: timestamp check failed
        at sun.security.provider.certpath.PKIXMasterCertPathValidator.validate(PKIXMasterCertPathValidator.java:129)
        at sun.security.provider.certpath.PKIXCertPathValidator.validate(PKIXCertPathValidator.java:212)
        at sun.security.provider.certpath.PKIXCertPathValidator.validate(PKIXCertPathValidator.java:140)
        at sun.security.provider.certpath.PKIXCertPathValidator.engineValidate(PKIXCertPathValidator.java:79)
        at java.security.cert.CertPathValidator.validate(CertPathValidator.java:292)
        at org.jvnet.hudson.crypto.CertificateUtil.validatePath(CertificateUtil.java:93)
        at jenkins.util.JSONSignatureValidator.verifySignature(JSONSignatureValidator.java:76)
        at hudson.model.UpdateSite.verifySignature(UpdateSite.java:219)
        at hudson.model.UpdateSite.updateData(UpdateSite.java:198)
        at hudson.model.UpdateSite.updateDirectlyNow(UpdateSite.java:170)
        at hudson.PluginManager.doCheckUpdatesServer(PluginManager.java:890)
        at jenkins.model.DownloadSettings$DailyCheck.execute(DownloadSettings.java:118)
        at hudson.model.AsyncPeriodicWork$1.run(AsyncPeriodicWork.java:53)
        at java.lang.Thread.run(Thread.java:745)
Caused by: java.security.cert.CertificateExpiredException: NotAfter: Wed Jan 28 05:04:07 CST 2015
        at sun.security.x509.CertificateValidity.valid(CertificateValidity.java:274)
        at sun.security.x509.X509CertImpl.checkValidity(X509CertImpl.java:629)
        at sun.security.provider.certpath.BasicChecker.verifyTimestamp(BasicChecker.java:190)
        at sun.security.provider.certpath.BasicChecker.check(BasicChecker.java:144)
        at sun.security.provider.certpath.PKIXMasterCertPathValidator.validate(PKIXMasterCertPathValidator.java:119)
        ... 13 more
</pre>
ä¸‰æœˆ 23, 2015 5:03:08 ä¸‹åˆ hudson.model.AsyncPeriodicWork$1 run
ä¿¡æ¯: Finished Download metadata. 1,970 ms

è®¿é—®jenkins

http://localhost:8080/


1ã€åˆ›å»ºä¸€ä¸ªæ–°ä»»åŠ¡====>è¾“å…¥åç§°====>è‡ªç”±é£æ ¼

2ã€æ„å»º====>æ„å»ºcommand shell

npm install
npm test

ä¿å­˜

3ã€git æ’ä»¶
https://wiki.jenkins-ci.org/display/JENKINS/Git+Plugin


4ã€å®‰è£…å®Œgitæ’ä»¶åè¾“å…¥é¡¹ç›®åœ°å€


5ã€æ„å»ºåçš„åŠ¨ä½œé‡Œè¾“å…¥
Publish JUnit test result report

ç„¶åè¾“å…¥test-reports.xml

6ã€ä¹‹åå°±å¯ä»¥çœ‹æ„å»ºçš„consoleè¾“å‡º

7ã€è¦æ³¨æ„checkoutçš„gitçš„æ—¶å€™éœ€è¦è®¤è¯çš„